{"uid":"2300fd8f93402a20","name":"test_github_mobile_indirect[browser_size0]","fullName":"tests.test_fixtures#test_github_mobile_indirect","historyId":"b0b9567d696a2f27fc7323c8266946ef","time":{"start":1660670338952,"stop":1660670338952,"duration":0},"status":"broken","statusMessage":"selenium.common.exceptions.WebDriverException: Message: unknown error: Chrome failed to start: exited abnormally.\n  (unknown error: DevToolsActivePort file doesn't exist)\n  (The process started from chrome location /usr/bin/google-chrome is no longer running, so ChromeDriver is assuming that Chrome has crashed.)\nStacktrace:\n#0 0x557666258403 <unknown>\n#1 0x55766605e778 <unknown>\n#2 0x557666082fa9 <unknown>\n#3 0x55766607e12b <unknown>\n#4 0x5576660b983a <unknown>\n#5 0x5576660b38f3 <unknown>\n#6 0x5576660890d8 <unknown>\n#7 0x55766608a205 <unknown>\n#8 0x55766629fe3d <unknown>\n#9 0x5576662a2db6 <unknown>\n#10 0x55766628913e <unknown>\n#11 0x5576662a39b5 <unknown>\n#12 0x55766627d970 <unknown>\n#13 0x5576662c0228 <unknown>\n#14 0x5576662c03bf <unknown>\n#15 0x5576662daabe <unknown>\n#16 0x7f1f81333609 <unknown>","statusTrace":"browser_size = <SubRequest 'browser_size' for <Function test_github_mobile_indirect[browser_size0]>>\n\n    @pytest.fixture(scope='function', autouse=True)\n    def set_up_browser(browser_size):\n        width = browser_size.param[0]\n        height = browser_size.param[1]\n    \n        browser.config.window_width = width\n        browser.config.window_height = height\n    \n>       browser.open(url)\n\ntests/test_fixtures.py:27: \n_ _ _ _ _ _ _ _ _ _ _ _ _ _ _ _ _ _ _ _ _ _ _ _ _ _ _ _ _ _ _ _ _ _ _ _ _ _ _ _ \n/opt/hostedtoolcache/Python/3.10.6/x64/lib/python3.10/site-packages/selene/support/shared/browser.py:63: in open\n    self.config.get_or_create_driver().set_window_size(\n/opt/hostedtoolcache/Python/3.10.6/x64/lib/python3.10/site-packages/selene/support/shared/config.py:281: in get_or_create_driver\n    return self._source.get_or_create()\n/opt/hostedtoolcache/Python/3.10.6/x64/lib/python3.10/site-packages/selene/support/shared/config.py:129: in get_or_create\n    return self.create()\n/opt/hostedtoolcache/Python/3.10.6/x64/lib/python3.10/site-packages/selene/support/shared/config.py:110: in create\n    self._stored = self._set_driver()\n/opt/hostedtoolcache/Python/3.10.6/x64/lib/python3.10/site-packages/selene/support/shared/config.py:192: in <lambda>\n    lambda: self._set_chrome_or_firefox_from_webdriver_manager()\n/opt/hostedtoolcache/Python/3.10.6/x64/lib/python3.10/site-packages/selene/support/shared/config.py:259: in _set_chrome_or_firefox_from_webdriver_manager\n    return {'chrome': get_chrome, 'firefox': get_firefox}.get(\n/opt/hostedtoolcache/Python/3.10.6/x64/lib/python3.10/site-packages/selene/support/shared/config.py:239: in get_chrome\n    return Chrome(\n/opt/hostedtoolcache/Python/3.10.6/x64/lib/python3.10/site-packages/selenium/webdriver/chrome/webdriver.py:70: in __init__\n    super(WebDriver, self).__init__(DesiredCapabilities.CHROME['browserName'], \"goog\",\n/opt/hostedtoolcache/Python/3.10.6/x64/lib/python3.10/site-packages/selenium/webdriver/chromium/webdriver.py:92: in __init__\n    RemoteWebDriver.__init__(\n/opt/hostedtoolcache/Python/3.10.6/x64/lib/python3.10/site-packages/selenium/webdriver/remote/webdriver.py:275: in __init__\n    self.start_session(capabilities, browser_profile)\n/opt/hostedtoolcache/Python/3.10.6/x64/lib/python3.10/site-packages/selenium/webdriver/remote/webdriver.py:365: in start_session\n    response = self.execute(Command.NEW_SESSION, parameters)\n/opt/hostedtoolcache/Python/3.10.6/x64/lib/python3.10/site-packages/selenium/webdriver/remote/webdriver.py:430: in execute\n    self.error_handler.check_response(response)\n_ _ _ _ _ _ _ _ _ _ _ _ _ _ _ _ _ _ _ _ _ _ _ _ _ _ _ _ _ _ _ _ _ _ _ _ _ _ _ _ \n\nself = <selenium.webdriver.remote.errorhandler.ErrorHandler object at 0x7f822657fa30>\nresponse = {'status': 500, 'value': '{\"value\":{\"error\":\"unknown error\",\"message\":\"unknown error: Chrome failed to start: exited a...\\\\n#14 0x5576662c03bf \\\\u003Cunknown>\\\\n#15 0x5576662daabe \\\\u003Cunknown>\\\\n#16 0x7f1f81333609 \\\\u003Cunknown>\\\\n\"}}'}\n\n    def check_response(self, response: Dict[str, Any]) -> None:\n        \"\"\"\n        Checks that a JSON response from the WebDriver does not have an error.\n    \n        :Args:\n         - response - The JSON response from the WebDriver server as a dictionary\n           object.\n    \n        :Raises: If the response contains an error message.\n        \"\"\"\n        status = response.get('status', None)\n        if not status or status == ErrorCode.SUCCESS:\n            return\n        value = None\n        message = response.get(\"message\", \"\")\n        screen: str = response.get(\"screen\", \"\")\n        stacktrace = None\n        if isinstance(status, int):\n            value_json = response.get('value', None)\n            if value_json and isinstance(value_json, str):\n                import json\n                try:\n                    value = json.loads(value_json)\n                    if len(value.keys()) == 1:\n                        value = value['value']\n                    status = value.get('error', None)\n                    if not status:\n                        status = value.get(\"status\", ErrorCode.UNKNOWN_ERROR)\n                        message = value.get(\"value\") or value.get(\"message\")\n                        if not isinstance(message, str):\n                            value = message\n                            message = message.get('message')\n                    else:\n                        message = value.get('message', None)\n                except ValueError:\n                    pass\n    \n        exception_class: Type[WebDriverException]\n        if status in ErrorCode.NO_SUCH_ELEMENT:\n            exception_class = NoSuchElementException\n        elif status in ErrorCode.NO_SUCH_FRAME:\n            exception_class = NoSuchFrameException\n        elif status in ErrorCode.NO_SUCH_SHADOW_ROOT:\n            exception_class = NoSuchShadowRootException\n        elif status in ErrorCode.NO_SUCH_WINDOW:\n            exception_class = NoSuchWindowException\n        elif status in ErrorCode.STALE_ELEMENT_REFERENCE:\n            exception_class = StaleElementReferenceException\n        elif status in ErrorCode.ELEMENT_NOT_VISIBLE:\n            exception_class = ElementNotVisibleException\n        elif status in ErrorCode.INVALID_ELEMENT_STATE:\n            exception_class = InvalidElementStateException\n        elif status in ErrorCode.INVALID_SELECTOR \\\n                or status in ErrorCode.INVALID_XPATH_SELECTOR \\\n                or status in ErrorCode.INVALID_XPATH_SELECTOR_RETURN_TYPER:\n            exception_class = InvalidSelectorException\n        elif status in ErrorCode.ELEMENT_IS_NOT_SELECTABLE:\n            exception_class = ElementNotSelectableException\n        elif status in ErrorCode.ELEMENT_NOT_INTERACTABLE:\n            exception_class = ElementNotInteractableException\n        elif status in ErrorCode.INVALID_COOKIE_DOMAIN:\n            exception_class = InvalidCookieDomainException\n        elif status in ErrorCode.UNABLE_TO_SET_COOKIE:\n            exception_class = UnableToSetCookieException\n        elif status in ErrorCode.TIMEOUT:\n            exception_class = TimeoutException\n        elif status in ErrorCode.SCRIPT_TIMEOUT:\n            exception_class = TimeoutException\n        elif status in ErrorCode.UNKNOWN_ERROR:\n            exception_class = WebDriverException\n        elif status in ErrorCode.UNEXPECTED_ALERT_OPEN:\n            exception_class = UnexpectedAlertPresentException\n        elif status in ErrorCode.NO_ALERT_OPEN:\n            exception_class = NoAlertPresentException\n        elif status in ErrorCode.IME_NOT_AVAILABLE:\n            exception_class = ImeNotAvailableException\n        elif status in ErrorCode.IME_ENGINE_ACTIVATION_FAILED:\n            exception_class = ImeActivationFailedException\n        elif status in ErrorCode.MOVE_TARGET_OUT_OF_BOUNDS:\n            exception_class = MoveTargetOutOfBoundsException\n        elif status in ErrorCode.JAVASCRIPT_ERROR:\n            exception_class = JavascriptException\n        elif status in ErrorCode.SESSION_NOT_CREATED:\n            exception_class = SessionNotCreatedException\n        elif status in ErrorCode.INVALID_ARGUMENT:\n            exception_class = InvalidArgumentException\n        elif status in ErrorCode.NO_SUCH_COOKIE:\n            exception_class = NoSuchCookieException\n        elif status in ErrorCode.UNABLE_TO_CAPTURE_SCREEN:\n            exception_class = ScreenshotException\n        elif status in ErrorCode.ELEMENT_CLICK_INTERCEPTED:\n            exception_class = ElementClickInterceptedException\n        elif status in ErrorCode.INSECURE_CERTIFICATE:\n            exception_class = InsecureCertificateException\n        elif status in ErrorCode.INVALID_COORDINATES:\n            exception_class = InvalidCoordinatesException\n        elif status in ErrorCode.INVALID_SESSION_ID:\n            exception_class = InvalidSessionIdException\n        elif status in ErrorCode.UNKNOWN_METHOD:\n            exception_class = UnknownMethodException\n        else:\n            exception_class = WebDriverException\n        if not value:\n            value = response['value']\n        if isinstance(value, str):\n            raise exception_class(value)\n        if message == \"\" and 'message' in value:\n            message = value['message']\n    \n        screen = None  # type: ignore[assignment]\n        if 'screen' in value:\n            screen = value['screen']\n    \n        stacktrace = None\n        st_value = value.get('stackTrace') or value.get('stacktrace')\n        if st_value:\n            if isinstance(st_value, str):\n                stacktrace = st_value.split('\\n')\n            else:\n                stacktrace = []\n                try:\n                    for frame in st_value:\n                        line = self._value_or_default(frame, 'lineNumber', '')\n                        file = self._value_or_default(frame, 'fileName', '<anonymous>')\n                        if line:\n                            file = \"%s:%s\" % (file, line)\n                        meth = self._value_or_default(frame, 'methodName', '<anonymous>')\n                        if 'className' in frame:\n                            meth = \"%s.%s\" % (frame['className'], meth)\n                        msg = \"    at %s (%s)\"\n                        msg = msg % (meth, file)\n                        stacktrace.append(msg)\n                except TypeError:\n                    pass\n        if exception_class == UnexpectedAlertPresentException:\n            alert_text = None\n            if 'data' in value:\n                alert_text = value['data'].get('text')\n            elif 'alert' in value:\n                alert_text = value['alert'].get('text')\n            raise exception_class(message, screen, stacktrace, alert_text)  # type: ignore[call-arg]  # mypy is not smart enough here\n>       raise exception_class(message, screen, stacktrace)\nE       selenium.common.exceptions.WebDriverException: Message: unknown error: Chrome failed to start: exited abnormally.\nE         (unknown error: DevToolsActivePort file doesn't exist)\nE         (The process started from chrome location /usr/bin/google-chrome is no longer running, so ChromeDriver is assuming that Chrome has crashed.)\nE       Stacktrace:\nE       #0 0x557666258403 <unknown>\nE       #1 0x55766605e778 <unknown>\nE       #2 0x557666082fa9 <unknown>\nE       #3 0x55766607e12b <unknown>\nE       #4 0x5576660b983a <unknown>\nE       #5 0x5576660b38f3 <unknown>\nE       #6 0x5576660890d8 <unknown>\nE       #7 0x55766608a205 <unknown>\nE       #8 0x55766629fe3d <unknown>\nE       #9 0x5576662a2db6 <unknown>\nE       #10 0x55766628913e <unknown>\nE       #11 0x5576662a39b5 <unknown>\nE       #12 0x55766627d970 <unknown>\nE       #13 0x5576662c0228 <unknown>\nE       #14 0x5576662c03bf <unknown>\nE       #15 0x5576662daabe <unknown>\nE       #16 0x7f1f81333609 <unknown>\n\n/opt/hostedtoolcache/Python/3.10.6/x64/lib/python3.10/site-packages/selenium/webdriver/remote/errorhandler.py:247: WebDriverException","flaky":false,"newFailed":false,"newBroken":false,"newPassed":false,"retriesCount":0,"retriesStatusChange":false,"beforeStages":[{"name":"set_up_browser","time":{"start":1660670338952,"stop":1660670339622,"duration":670},"status":"broken","statusMessage":"selenium.common.exceptions.WebDriverException: Message: unknown error: Chrome failed to start: exited abnormally.\n  (unknown error: DevToolsActivePort file doesn't exist)\n  (The process started from chrome location /usr/bin/google-chrome is no longer running, so ChromeDriver is assuming that Chrome has crashed.)\nStacktrace:\n#0 0x557666258403 <unknown>\n#1 0x55766605e778 <unknown>\n#2 0x557666082fa9 <unknown>\n#3 0x55766607e12b <unknown>\n#4 0x5576660b983a <unknown>\n#5 0x5576660b38f3 <unknown>\n#6 0x5576660890d8 <unknown>\n#7 0x55766608a205 <unknown>\n#8 0x55766629fe3d <unknown>\n#9 0x5576662a2db6 <unknown>\n#10 0x55766628913e <unknown>\n#11 0x5576662a39b5 <unknown>\n#12 0x55766627d970 <unknown>\n#13 0x5576662c0228 <unknown>\n#14 0x5576662c03bf <unknown>\n#15 0x5576662daabe <unknown>\n#16 0x7f1f81333609 <unknown>\n\n","statusTrace":"  File \"/opt/hostedtoolcache/Python/3.10.6/x64/lib/python3.10/site-packages/pluggy/_callers.py\", line 39, in _multicall\n    res = hook_impl.function(*args)\n  File \"/opt/hostedtoolcache/Python/3.10.6/x64/lib/python3.10/site-packages/_pytest/fixtures.py\", line 1111, in pytest_fixture_setup\n    result = call_fixture_func(fixturefunc, request, kwargs)\n  File \"/opt/hostedtoolcache/Python/3.10.6/x64/lib/python3.10/site-packages/_pytest/fixtures.py\", line 890, in call_fixture_func\n    fixture_result = fixturefunc(**kwargs)\n  File \"/home/runner/work/py12_pytest_params/py12_pytest_params/tests/test_fixtures.py\", line 27, in set_up_browser\n    browser.open(url)\n  File \"/opt/hostedtoolcache/Python/3.10.6/x64/lib/python3.10/site-packages/selene/support/shared/browser.py\", line 63, in open\n    self.config.get_or_create_driver().set_window_size(\n  File \"/opt/hostedtoolcache/Python/3.10.6/x64/lib/python3.10/site-packages/selene/support/shared/config.py\", line 281, in get_or_create_driver\n    return self._source.get_or_create()\n  File \"/opt/hostedtoolcache/Python/3.10.6/x64/lib/python3.10/site-packages/selene/support/shared/config.py\", line 129, in get_or_create\n    return self.create()\n  File \"/opt/hostedtoolcache/Python/3.10.6/x64/lib/python3.10/site-packages/selene/support/shared/config.py\", line 110, in create\n    self._stored = self._set_driver()\n  File \"/opt/hostedtoolcache/Python/3.10.6/x64/lib/python3.10/site-packages/selene/support/shared/config.py\", line 192, in <lambda>\n    lambda: self._set_chrome_or_firefox_from_webdriver_manager()\n  File \"/opt/hostedtoolcache/Python/3.10.6/x64/lib/python3.10/site-packages/selene/support/shared/config.py\", line 259, in _set_chrome_or_firefox_from_webdriver_manager\n    return {'chrome': get_chrome, 'firefox': get_firefox}.get(\n  File \"/opt/hostedtoolcache/Python/3.10.6/x64/lib/python3.10/site-packages/selene/support/shared/config.py\", line 239, in get_chrome\n    return Chrome(\n  File \"/opt/hostedtoolcache/Python/3.10.6/x64/lib/python3.10/site-packages/selenium/webdriver/chrome/webdriver.py\", line 70, in __init__\n    super(WebDriver, self).__init__(DesiredCapabilities.CHROME['browserName'], \"goog\",\n  File \"/opt/hostedtoolcache/Python/3.10.6/x64/lib/python3.10/site-packages/selenium/webdriver/chromium/webdriver.py\", line 92, in __init__\n    RemoteWebDriver.__init__(\n  File \"/opt/hostedtoolcache/Python/3.10.6/x64/lib/python3.10/site-packages/selenium/webdriver/remote/webdriver.py\", line 275, in __init__\n    self.start_session(capabilities, browser_profile)\n  File \"/opt/hostedtoolcache/Python/3.10.6/x64/lib/python3.10/site-packages/selenium/webdriver/remote/webdriver.py\", line 365, in start_session\n    response = self.execute(Command.NEW_SESSION, parameters)\n  File \"/opt/hostedtoolcache/Python/3.10.6/x64/lib/python3.10/site-packages/selenium/webdriver/remote/webdriver.py\", line 430, in execute\n    self.error_handler.check_response(response)\n  File \"/opt/hostedtoolcache/Python/3.10.6/x64/lib/python3.10/site-packages/selenium/webdriver/remote/errorhandler.py\", line 247, in check_response\n    raise exception_class(message, screen, stacktrace)\n","steps":[],"attachments":[],"parameters":[],"stepsCount":0,"attachmentsCount":0,"shouldDisplayMessage":true,"hasContent":true},{"name":"browser_size","time":{"start":1660670338952,"stop":1660670338952,"duration":0},"status":"passed","steps":[],"attachments":[],"parameters":[],"stepsCount":0,"attachmentsCount":0,"shouldDisplayMessage":false,"hasContent":false}],"testStage":{"status":"broken","statusMessage":"selenium.common.exceptions.WebDriverException: Message: unknown error: Chrome failed to start: exited abnormally.\n  (unknown error: DevToolsActivePort file doesn't exist)\n  (The process started from chrome location /usr/bin/google-chrome is no longer running, so ChromeDriver is assuming that Chrome has crashed.)\nStacktrace:\n#0 0x557666258403 <unknown>\n#1 0x55766605e778 <unknown>\n#2 0x557666082fa9 <unknown>\n#3 0x55766607e12b <unknown>\n#4 0x5576660b983a <unknown>\n#5 0x5576660b38f3 <unknown>\n#6 0x5576660890d8 <unknown>\n#7 0x55766608a205 <unknown>\n#8 0x55766629fe3d <unknown>\n#9 0x5576662a2db6 <unknown>\n#10 0x55766628913e <unknown>\n#11 0x5576662a39b5 <unknown>\n#12 0x55766627d970 <unknown>\n#13 0x5576662c0228 <unknown>\n#14 0x5576662c03bf <unknown>\n#15 0x5576662daabe <unknown>\n#16 0x7f1f81333609 <unknown>","statusTrace":"browser_size = <SubRequest 'browser_size' for <Function test_github_mobile_indirect[browser_size0]>>\n\n    @pytest.fixture(scope='function', autouse=True)\n    def set_up_browser(browser_size):\n        width = browser_size.param[0]\n        height = browser_size.param[1]\n    \n        browser.config.window_width = width\n        browser.config.window_height = height\n    \n>       browser.open(url)\n\ntests/test_fixtures.py:27: \n_ _ _ _ _ _ _ _ _ _ _ _ _ _ _ _ _ _ _ _ _ _ _ _ _ _ _ _ _ _ _ _ _ _ _ _ _ _ _ _ \n/opt/hostedtoolcache/Python/3.10.6/x64/lib/python3.10/site-packages/selene/support/shared/browser.py:63: in open\n    self.config.get_or_create_driver().set_window_size(\n/opt/hostedtoolcache/Python/3.10.6/x64/lib/python3.10/site-packages/selene/support/shared/config.py:281: in get_or_create_driver\n    return self._source.get_or_create()\n/opt/hostedtoolcache/Python/3.10.6/x64/lib/python3.10/site-packages/selene/support/shared/config.py:129: in get_or_create\n    return self.create()\n/opt/hostedtoolcache/Python/3.10.6/x64/lib/python3.10/site-packages/selene/support/shared/config.py:110: in create\n    self._stored = self._set_driver()\n/opt/hostedtoolcache/Python/3.10.6/x64/lib/python3.10/site-packages/selene/support/shared/config.py:192: in <lambda>\n    lambda: self._set_chrome_or_firefox_from_webdriver_manager()\n/opt/hostedtoolcache/Python/3.10.6/x64/lib/python3.10/site-packages/selene/support/shared/config.py:259: in _set_chrome_or_firefox_from_webdriver_manager\n    return {'chrome': get_chrome, 'firefox': get_firefox}.get(\n/opt/hostedtoolcache/Python/3.10.6/x64/lib/python3.10/site-packages/selene/support/shared/config.py:239: in get_chrome\n    return Chrome(\n/opt/hostedtoolcache/Python/3.10.6/x64/lib/python3.10/site-packages/selenium/webdriver/chrome/webdriver.py:70: in __init__\n    super(WebDriver, self).__init__(DesiredCapabilities.CHROME['browserName'], \"goog\",\n/opt/hostedtoolcache/Python/3.10.6/x64/lib/python3.10/site-packages/selenium/webdriver/chromium/webdriver.py:92: in __init__\n    RemoteWebDriver.__init__(\n/opt/hostedtoolcache/Python/3.10.6/x64/lib/python3.10/site-packages/selenium/webdriver/remote/webdriver.py:275: in __init__\n    self.start_session(capabilities, browser_profile)\n/opt/hostedtoolcache/Python/3.10.6/x64/lib/python3.10/site-packages/selenium/webdriver/remote/webdriver.py:365: in start_session\n    response = self.execute(Command.NEW_SESSION, parameters)\n/opt/hostedtoolcache/Python/3.10.6/x64/lib/python3.10/site-packages/selenium/webdriver/remote/webdriver.py:430: in execute\n    self.error_handler.check_response(response)\n_ _ _ _ _ _ _ _ _ _ _ _ _ _ _ _ _ _ _ _ _ _ _ _ _ _ _ _ _ _ _ _ _ _ _ _ _ _ _ _ \n\nself = <selenium.webdriver.remote.errorhandler.ErrorHandler object at 0x7f822657fa30>\nresponse = {'status': 500, 'value': '{\"value\":{\"error\":\"unknown error\",\"message\":\"unknown error: Chrome failed to start: exited a...\\\\n#14 0x5576662c03bf \\\\u003Cunknown>\\\\n#15 0x5576662daabe \\\\u003Cunknown>\\\\n#16 0x7f1f81333609 \\\\u003Cunknown>\\\\n\"}}'}\n\n    def check_response(self, response: Dict[str, Any]) -> None:\n        \"\"\"\n        Checks that a JSON response from the WebDriver does not have an error.\n    \n        :Args:\n         - response - The JSON response from the WebDriver server as a dictionary\n           object.\n    \n        :Raises: If the response contains an error message.\n        \"\"\"\n        status = response.get('status', None)\n        if not status or status == ErrorCode.SUCCESS:\n            return\n        value = None\n        message = response.get(\"message\", \"\")\n        screen: str = response.get(\"screen\", \"\")\n        stacktrace = None\n        if isinstance(status, int):\n            value_json = response.get('value', None)\n            if value_json and isinstance(value_json, str):\n                import json\n                try:\n                    value = json.loads(value_json)\n                    if len(value.keys()) == 1:\n                        value = value['value']\n                    status = value.get('error', None)\n                    if not status:\n                        status = value.get(\"status\", ErrorCode.UNKNOWN_ERROR)\n                        message = value.get(\"value\") or value.get(\"message\")\n                        if not isinstance(message, str):\n                            value = message\n                            message = message.get('message')\n                    else:\n                        message = value.get('message', None)\n                except ValueError:\n                    pass\n    \n        exception_class: Type[WebDriverException]\n        if status in ErrorCode.NO_SUCH_ELEMENT:\n            exception_class = NoSuchElementException\n        elif status in ErrorCode.NO_SUCH_FRAME:\n            exception_class = NoSuchFrameException\n        elif status in ErrorCode.NO_SUCH_SHADOW_ROOT:\n            exception_class = NoSuchShadowRootException\n        elif status in ErrorCode.NO_SUCH_WINDOW:\n            exception_class = NoSuchWindowException\n        elif status in ErrorCode.STALE_ELEMENT_REFERENCE:\n            exception_class = StaleElementReferenceException\n        elif status in ErrorCode.ELEMENT_NOT_VISIBLE:\n            exception_class = ElementNotVisibleException\n        elif status in ErrorCode.INVALID_ELEMENT_STATE:\n            exception_class = InvalidElementStateException\n        elif status in ErrorCode.INVALID_SELECTOR \\\n                or status in ErrorCode.INVALID_XPATH_SELECTOR \\\n                or status in ErrorCode.INVALID_XPATH_SELECTOR_RETURN_TYPER:\n            exception_class = InvalidSelectorException\n        elif status in ErrorCode.ELEMENT_IS_NOT_SELECTABLE:\n            exception_class = ElementNotSelectableException\n        elif status in ErrorCode.ELEMENT_NOT_INTERACTABLE:\n            exception_class = ElementNotInteractableException\n        elif status in ErrorCode.INVALID_COOKIE_DOMAIN:\n            exception_class = InvalidCookieDomainException\n        elif status in ErrorCode.UNABLE_TO_SET_COOKIE:\n            exception_class = UnableToSetCookieException\n        elif status in ErrorCode.TIMEOUT:\n            exception_class = TimeoutException\n        elif status in ErrorCode.SCRIPT_TIMEOUT:\n            exception_class = TimeoutException\n        elif status in ErrorCode.UNKNOWN_ERROR:\n            exception_class = WebDriverException\n        elif status in ErrorCode.UNEXPECTED_ALERT_OPEN:\n            exception_class = UnexpectedAlertPresentException\n        elif status in ErrorCode.NO_ALERT_OPEN:\n            exception_class = NoAlertPresentException\n        elif status in ErrorCode.IME_NOT_AVAILABLE:\n            exception_class = ImeNotAvailableException\n        elif status in ErrorCode.IME_ENGINE_ACTIVATION_FAILED:\n            exception_class = ImeActivationFailedException\n        elif status in ErrorCode.MOVE_TARGET_OUT_OF_BOUNDS:\n            exception_class = MoveTargetOutOfBoundsException\n        elif status in ErrorCode.JAVASCRIPT_ERROR:\n            exception_class = JavascriptException\n        elif status in ErrorCode.SESSION_NOT_CREATED:\n            exception_class = SessionNotCreatedException\n        elif status in ErrorCode.INVALID_ARGUMENT:\n            exception_class = InvalidArgumentException\n        elif status in ErrorCode.NO_SUCH_COOKIE:\n            exception_class = NoSuchCookieException\n        elif status in ErrorCode.UNABLE_TO_CAPTURE_SCREEN:\n            exception_class = ScreenshotException\n        elif status in ErrorCode.ELEMENT_CLICK_INTERCEPTED:\n            exception_class = ElementClickInterceptedException\n        elif status in ErrorCode.INSECURE_CERTIFICATE:\n            exception_class = InsecureCertificateException\n        elif status in ErrorCode.INVALID_COORDINATES:\n            exception_class = InvalidCoordinatesException\n        elif status in ErrorCode.INVALID_SESSION_ID:\n            exception_class = InvalidSessionIdException\n        elif status in ErrorCode.UNKNOWN_METHOD:\n            exception_class = UnknownMethodException\n        else:\n            exception_class = WebDriverException\n        if not value:\n            value = response['value']\n        if isinstance(value, str):\n            raise exception_class(value)\n        if message == \"\" and 'message' in value:\n            message = value['message']\n    \n        screen = None  # type: ignore[assignment]\n        if 'screen' in value:\n            screen = value['screen']\n    \n        stacktrace = None\n        st_value = value.get('stackTrace') or value.get('stacktrace')\n        if st_value:\n            if isinstance(st_value, str):\n                stacktrace = st_value.split('\\n')\n            else:\n                stacktrace = []\n                try:\n                    for frame in st_value:\n                        line = self._value_or_default(frame, 'lineNumber', '')\n                        file = self._value_or_default(frame, 'fileName', '<anonymous>')\n                        if line:\n                            file = \"%s:%s\" % (file, line)\n                        meth = self._value_or_default(frame, 'methodName', '<anonymous>')\n                        if 'className' in frame:\n                            meth = \"%s.%s\" % (frame['className'], meth)\n                        msg = \"    at %s (%s)\"\n                        msg = msg % (meth, file)\n                        stacktrace.append(msg)\n                except TypeError:\n                    pass\n        if exception_class == UnexpectedAlertPresentException:\n            alert_text = None\n            if 'data' in value:\n                alert_text = value['data'].get('text')\n            elif 'alert' in value:\n                alert_text = value['alert'].get('text')\n            raise exception_class(message, screen, stacktrace, alert_text)  # type: ignore[call-arg]  # mypy is not smart enough here\n>       raise exception_class(message, screen, stacktrace)\nE       selenium.common.exceptions.WebDriverException: Message: unknown error: Chrome failed to start: exited abnormally.\nE         (unknown error: DevToolsActivePort file doesn't exist)\nE         (The process started from chrome location /usr/bin/google-chrome is no longer running, so ChromeDriver is assuming that Chrome has crashed.)\nE       Stacktrace:\nE       #0 0x557666258403 <unknown>\nE       #1 0x55766605e778 <unknown>\nE       #2 0x557666082fa9 <unknown>\nE       #3 0x55766607e12b <unknown>\nE       #4 0x5576660b983a <unknown>\nE       #5 0x5576660b38f3 <unknown>\nE       #6 0x5576660890d8 <unknown>\nE       #7 0x55766608a205 <unknown>\nE       #8 0x55766629fe3d <unknown>\nE       #9 0x5576662a2db6 <unknown>\nE       #10 0x55766628913e <unknown>\nE       #11 0x5576662a39b5 <unknown>\nE       #12 0x55766627d970 <unknown>\nE       #13 0x5576662c0228 <unknown>\nE       #14 0x5576662c03bf <unknown>\nE       #15 0x5576662daabe <unknown>\nE       #16 0x7f1f81333609 <unknown>\n\n/opt/hostedtoolcache/Python/3.10.6/x64/lib/python3.10/site-packages/selenium/webdriver/remote/errorhandler.py:247: WebDriverException","steps":[],"attachments":[{"uid":"69c2f9b054101003","name":"log","source":"69c2f9b054101003.txt","type":"text/plain","size":338},{"uid":"4855687245bd7094","name":"stdout","source":"4855687245bd7094.txt","type":"text/plain","size":1},{"uid":"172ada8a5e72ea22","name":"stderr","source":"172ada8a5e72ea22.txt","type":"text/plain","size":267}],"parameters":[],"stepsCount":0,"attachmentsCount":3,"shouldDisplayMessage":true,"hasContent":true},"afterStages":[],"labels":[{"name":"parentSuite","value":"tests"},{"name":"suite","value":"test_fixtures"},{"name":"host","value":"fv-az190-982"},{"name":"thread","value":"2238-MainThread"},{"name":"framework","value":"pytest"},{"name":"language","value":"cpython3"},{"name":"package","value":"tests.test_fixtures"},{"name":"resultFormat","value":"allure2"}],"parameters":[{"name":"browser_size","value":"(460, 960)"}],"links":[],"hidden":false,"retry":false,"extra":{"severity":"normal","retries":[],"categories":[{"name":"Test defects","matchedStatuses":[],"flaky":false}],"history":{"statistic":{"failed":0,"broken":2,"skipped":0,"passed":0,"unknown":0,"total":2},"items":[{"uid":"2b9df5d431ff469c","reportUrl":"https://A-Prudnikova.github.io/py12_pytest_params/2//#testresult/2b9df5d431ff469c","status":"broken","statusDetails":"selenium.common.exceptions.WebDriverException: Message: unknown error: Chrome failed to start: exited abnormally.\n  (unknown error: DevToolsActivePort file doesn't exist)\n  (The process started from chrome location /usr/bin/google-chrome is no longer running, so ChromeDriver is assuming that Chrome has crashed.)\nStacktrace:\n#0 0x563381cd0403 <unknown>\n#1 0x563381ad6778 <unknown>\n#2 0x563381afafa9 <unknown>\n#3 0x563381af612b <unknown>\n#4 0x563381b3183a <unknown>\n#5 0x563381b2b8f3 <unknown>\n#6 0x563381b010d8 <unknown>\n#7 0x563381b02205 <unknown>\n#8 0x563381d17e3d <unknown>\n#9 0x563381d1adb6 <unknown>\n#10 0x563381d0113e <unknown>\n#11 0x563381d1b9b5 <unknown>\n#12 0x563381cf5970 <unknown>\n#13 0x563381d38228 <unknown>\n#14 0x563381d383bf <unknown>\n#15 0x563381d52abe <unknown>\n#16 0x7fb8cfe69609 <unknown>","time":{"start":1660669867274,"stop":1660669867274,"duration":0}}]},"tags":[]},"source":"2300fd8f93402a20.json","parameterValues":["(460, 960)"]}